TN:
SF:01-requestcount.js
FN:12,fRequestcount
FNF:1
FNH:1
FNDA:12,fRequestcount
DA:1,1
DA:2,1
DA:3,1
DA:4,1
DA:5,1
DA:6,1
DA:7,1
DA:8,1
DA:9,1
DA:10,1
DA:11,1
DA:12,12
DA:13,12
DA:14,12
DA:15,12
DA:16,1
DA:17,1
DA:18,1
DA:19,1
DA:20,10
DA:21,1
DA:22,1
DA:23,1
DA:24,0
DA:25,1
DA:26,1
DA:27,1
DA:28,2
DA:29,1
DA:30,1
DA:31,1
DA:32,1
LF:32
LH:31
BRDA:12,0,0,12
BRDA:19,1,0,10
BRDA:27,2,0,2
BRF:3
BRH:3
end_of_record
TN:
SF:02-ratelimitter.js
FN:21,ratelimiter
FNF:1
FNH:1
FNDA:13,ratelimiter
DA:1,1
DA:2,1
DA:3,1
DA:4,1
DA:5,1
DA:6,1
DA:7,1
DA:8,1
DA:9,1
DA:10,1
DA:11,1
DA:12,1
DA:13,1
DA:14,1
DA:15,1
DA:16,1
DA:17,1
DA:18,2
DA:19,1
DA:20,1
DA:21,13
DA:22,13
DA:23,13
DA:24,11
DA:25,11
DA:26,7
DA:27,7
DA:28,4
DA:29,4
DA:30,4
DA:31,11
DA:32,2
DA:33,2
DA:34,2
DA:35,2
DA:36,13
DA:37,1
DA:38,1
DA:39,1
DA:40,6
DA:41,1
DA:42,1
DA:43,1
DA:44,0
DA:45,1
DA:46,1
DA:47,1
LF:47
LH:46
BRDA:17,0,0,2
BRDA:21,1,0,13
BRDA:23,2,0,11
BRDA:25,3,0,7
BRDA:28,4,0,4
BRDA:32,5,0,2
BRDA:39,6,0,6
BRF:7
BRH:7
end_of_record
TN:
SF:03-errorcount.js
FNF:0
FNH:0
DA:1,1
DA:2,1
DA:3,1
DA:4,1
DA:5,1
DA:6,1
DA:7,1
DA:8,1
DA:9,1
DA:10,1
DA:11,1
DA:12,1
DA:13,1
DA:14,1
DA:15,11
DA:16,0
DA:17,1
DA:18,1
DA:19,1
DA:20,0
DA:21,1
DA:22,1
DA:23,1
DA:24,2
DA:25,1
DA:26,1
DA:27,1
DA:28,1
DA:29,11
DA:30,11
DA:31,11
DA:32,11
DA:33,1
DA:34,1
LF:34
LH:32
BRDA:14,0,0,11
BRDA:15,1,0,0
BRDA:23,2,0,2
BRDA:28,3,0,11
BRF:4
BRH:3
end_of_record
